2026-02-21 23:04:14.912 +01:00 [INF] OverlayService.StartAsync beginning...
2026-02-21 23:04:14.912 +01:00 [INF] Capture thread starting (DXGI Desktop Duplication).
2026-02-21 23:04:14.912 +01:00 [INF] StorageManager thread starting.
2026-02-21 23:04:14.912 +01:00 [INF] FrameProcessor thread starting.
2026-02-21 23:04:14.912 +01:00 [INF] OcrWorker thread starting (stub).
2026-02-21 23:04:14.912 +01:00 [INF] OverlayUI starting.
2026-02-21 23:04:14.912 +01:00 [INF] Encoder thread starting (Media Foundation H.264).
2026-02-21 23:04:14.935 +01:00 [INF] OverlayService.StartAsync completed.
2026-02-21 23:04:14.941 +01:00 [INF] FrameProcessor capture mode: "Context"
2026-02-21 23:04:14.941 +01:00 [INF] Capture mode: "Context"
2026-02-21 23:04:14.947 +01:00 [INF] Initializing tray icon.
2026-02-21 23:04:14.949 +01:00 [INF] Initializing DXGI Desktop Duplication…
2026-02-21 23:04:14.973 +01:00 [INF] Using adapter: AMD Radeon RX 6600, output: \\.\DISPLAY1
2026-02-21 23:04:15.000 +01:00 [INF] Selected H.264 encoder: H264 Encoder MFT
2026-02-21 23:04:15.024 +01:00 [INF] Desktop format: "B8G8R8A8_UNorm", HDR: false
2026-02-21 23:04:15.025 +01:00 [INF] Desktop Duplication initialized – 2560×1440.
2026-02-21 23:04:15.319 +01:00 [INF] Application started. Press Ctrl+C to shut down.
2026-02-21 23:04:15.319 +01:00 [INF] Hosting environment: Production
2026-02-21 23:04:15.319 +01:00 [INF] Content root path: C:\Users\kryst\Cursor\C#\DualModeReplayBuffer
2026-02-21 23:04:15.337 +01:00 [INF] UI thread: creating OverlayWindow...
2026-02-21 23:04:15.441 +01:00 [INF] OverlayWindow created.
2026-02-21 23:04:15.442 +01:00 [INF] Trying overlay hotkey: Ctrl+Alt+Shift+K, parsed: [7,75]
2026-02-21 23:04:15.443 +01:00 [INF] Trying capture hotkey: Ctrl+Alt+Shift+L, parsed: [7,76]
2026-02-21 23:04:15.445 +01:00 [INF] Message window HWND: "2294860", err=6
2026-02-21 23:04:15.445 +01:00 [INF] RegisterOverlayHotKey: ok=true err=0
2026-02-21 23:04:15.445 +01:00 [INF] RegisterCaptureHotKey: ok=true err=0
2026-02-21 23:04:16.043 +01:00 [DBG] Context: first frame accepted (pHash=000200000000FFFF0006008200000000000000000002000A001E001E00000000).
2026-02-21 23:04:16.172 +01:00 [DBG] Context: saved snapshot C:\Users\kryst\Cursor\C#\DualModeReplayBuffer\src\DRB.App\bin\Release\net9.0-windows\data\context_buffer\20260221_220416_043.jpg.
2026-02-21 23:04:16.180 +01:00 [DBG] Context frame indexed: C:\Users\kryst\Cursor\C#\DualModeReplayBuffer\src\DRB.App\bin\Release\net9.0-windows\data\context_buffer\20260221_220416_043.jpg
2026-02-21 23:04:17.852 +01:00 [INF] WM_HOTKEY received! id=49153
2026-02-21 23:04:22.908 +01:00 [INF] WM_HOTKEY received! id=49154
2026-02-21 23:04:22.909 +01:00 [INF] Clip capture requested.
2026-02-21 23:04:22.909 +01:00 [INF] Save clip request enqueued from overlay.
2026-02-21 23:04:25.602 +01:00 [INF] WM_HOTKEY received! id=49154
2026-02-21 23:04:25.602 +01:00 [INF] Clip capture requested.
2026-02-21 23:04:25.602 +01:00 [INF] Save clip request enqueued from overlay.
2026-02-21 23:04:25.817 +01:00 [INF] WM_HOTKEY received! id=49154
2026-02-21 23:04:25.817 +01:00 [INF] Clip capture requested.
2026-02-21 23:04:25.818 +01:00 [INF] Save clip request enqueued from overlay.
2026-02-21 23:04:26.029 +01:00 [INF] WM_HOTKEY received! id=49154
2026-02-21 23:04:26.029 +01:00 [INF] Clip capture requested.
2026-02-21 23:04:26.029 +01:00 [INF] Save clip request enqueued from overlay.
2026-02-21 23:04:26.237 +01:00 [INF] WM_HOTKEY received! id=49154
2026-02-21 23:04:26.237 +01:00 [INF] Clip capture requested.
2026-02-21 23:04:26.237 +01:00 [INF] Save clip request enqueued from overlay.
2026-02-21 23:04:26.452 +01:00 [INF] WM_HOTKEY received! id=49154
2026-02-21 23:04:26.453 +01:00 [INF] Clip capture requested.
2026-02-21 23:04:26.453 +01:00 [INF] Save clip request enqueued from overlay.
2026-02-21 23:04:26.688 +01:00 [INF] WM_HOTKEY received! id=49154
2026-02-21 23:04:26.688 +01:00 [INF] Clip capture requested.
2026-02-21 23:04:26.688 +01:00 [INF] Save clip request enqueued from overlay.
2026-02-21 23:04:26.900 +01:00 [INF] WM_HOTKEY received! id=49154
2026-02-21 23:04:26.900 +01:00 [INF] Clip capture requested.
2026-02-21 23:04:26.901 +01:00 [INF] Save clip request enqueued from overlay.
2026-02-21 23:04:27.120 +01:00 [INF] WM_HOTKEY received! id=49154
2026-02-21 23:04:27.120 +01:00 [INF] Clip capture requested.
2026-02-21 23:04:27.120 +01:00 [INF] Save clip request enqueued from overlay.
2026-02-21 23:04:27.336 +01:00 [INF] WM_HOTKEY received! id=49154
2026-02-21 23:04:27.336 +01:00 [INF] Clip capture requested.
2026-02-21 23:04:27.336 +01:00 [INF] Save clip request enqueued from overlay.
2026-02-21 23:04:27.559 +01:00 [INF] WM_HOTKEY received! id=49154
2026-02-21 23:04:27.559 +01:00 [INF] Clip capture requested.
2026-02-21 23:04:27.559 +01:00 [INF] Save clip request enqueued from overlay.
2026-02-21 23:04:27.791 +01:00 [INF] WM_HOTKEY received! id=49154
2026-02-21 23:04:27.791 +01:00 [INF] Clip capture requested.
2026-02-21 23:04:27.791 +01:00 [INF] Save clip request enqueued from overlay.
2026-02-21 23:04:28.331 +01:00 [INF] WM_HOTKEY received! id=49153
2026-02-21 23:04:28.618 +01:00 [INF] WM_HOTKEY received! id=49153
2026-02-21 23:04:31.456 +01:00 [INF] WM_HOTKEY received! id=49153
2026-02-21 23:04:31.783 +01:00 [INF] WM_HOTKEY received! id=49153
2026-02-21 23:04:34.009 +01:00 [INF] WM_HOTKEY received! id=49154
2026-02-21 23:04:34.009 +01:00 [INF] Clip capture requested.
2026-02-21 23:04:34.010 +01:00 [INF] Save clip request enqueued from overlay.
2026-02-21 23:04:35.840 +01:00 [INF] WM_HOTKEY received! id=49154
2026-02-21 23:04:35.840 +01:00 [INF] Clip capture requested.
2026-02-21 23:04:35.840 +01:00 [INF] Save clip request enqueued from overlay.
2026-02-21 23:04:36.639 +01:00 [INF] WM_HOTKEY received! id=49153
2026-02-21 23:04:37.019 +01:00 [INF] WM_HOTKEY received! id=49154
2026-02-21 23:04:37.019 +01:00 [INF] Clip capture requested.
2026-02-21 23:04:37.019 +01:00 [INF] Save clip request enqueued from overlay.
2026-02-21 23:04:37.278 +01:00 [INF] WM_HOTKEY received! id=49153
2026-02-21 23:04:37.530 +01:00 [INF] WM_HOTKEY received! id=49154
2026-02-21 23:04:37.530 +01:00 [INF] Clip capture requested.
2026-02-21 23:04:37.530 +01:00 [INF] Save clip request enqueued from overlay.
2026-02-21 23:04:37.710 +01:00 [INF] WM_HOTKEY received! id=49153
2026-02-21 23:04:37.854 +01:00 [INF] WM_HOTKEY received! id=49154
2026-02-21 23:04:37.854 +01:00 [INF] Clip capture requested.
2026-02-21 23:04:37.854 +01:00 [INF] Save clip request enqueued from overlay.
2026-02-21 23:04:37.990 +01:00 [INF] WM_HOTKEY received! id=49153
2026-02-21 23:04:38.106 +01:00 [INF] WM_HOTKEY received! id=49154
2026-02-21 23:04:38.106 +01:00 [INF] Clip capture requested.
2026-02-21 23:04:38.106 +01:00 [INF] Save clip request enqueued from overlay.
2026-02-21 23:04:41.430 +01:00 [INF] Unregistering current overlay hotkey 'Ctrl+Alt+Shift+K'
2026-02-21 23:04:41.430 +01:00 [INF] Registering new hotkey 'Ctrl+Alt+Shift+I' mods=7 vk=73
2026-02-21 23:04:41.430 +01:00 [INF] TryReregisterOverlayHotkey('Ctrl+Alt+Shift+I'): ok=false err=1408
2026-02-21 23:04:41.430 +01:00 [INF] Restored old hotkey 'Ctrl+Alt+Shift+K': ok=false err=1408
2026-02-21 23:04:47.748 +01:00 [INF] WM_HOTKEY received! id=49153
2026-02-21 23:04:49.083 +01:00 [INF] Registering new hotkey 'Ctrl+Alt+Shift+I' mods=7 vk=73
2026-02-21 23:04:49.083 +01:00 [INF] TryReregisterOverlayHotkey('Ctrl+Alt+Shift+I'): ok=false err=1408
2026-02-21 23:04:49.083 +01:00 [INF] Restored old hotkey 'Ctrl+Alt+Shift+K': ok=false err=1408
2026-02-21 23:05:00.652 +01:00 [INF] WM_HOTKEY received! id=49153
2026-02-21 23:05:02.419 +01:00 [INF] WM_HOTKEY received! id=49154
2026-02-21 23:05:02.419 +01:00 [INF] Clip capture requested.
2026-02-21 23:05:02.419 +01:00 [INF] Save clip request enqueued from overlay.
2026-02-21 23:05:07.122 +01:00 [INF] Registering new hotkey 'Ctrl+Alt+Shift+O' mods=7 vk=79
2026-02-21 23:05:07.122 +01:00 [INF] TryReregisterOverlayHotkey('Ctrl+Alt+Shift+O'): ok=false err=1408
2026-02-21 23:05:07.122 +01:00 [INF] Restored old hotkey 'Ctrl+Alt+Shift+K': ok=false err=1408
2026-02-21 23:05:11.337 +01:00 [INF] Registering new hotkey 'Ctrl+Alt+Shift+J' mods=7 vk=74
2026-02-21 23:05:11.338 +01:00 [INF] TryReregisterOverlayHotkey('Ctrl+Alt+Shift+J'): ok=false err=1408
2026-02-21 23:05:11.338 +01:00 [INF] Restored old hotkey 'Ctrl+Alt+Shift+K': ok=false err=1408
2026-02-21 23:05:15.512 +01:00 [INF] Registering new hotkey 'Ctrl+Alt+Shift+N' mods=7 vk=78
2026-02-21 23:05:15.512 +01:00 [INF] TryReregisterOverlayHotkey('Ctrl+Alt+Shift+N'): ok=false err=1408
2026-02-21 23:05:15.512 +01:00 [INF] Restored old hotkey 'Ctrl+Alt+Shift+K': ok=false err=1408
2026-02-21 23:05:18.895 +01:00 [INF] WM_HOTKEY received! id=49153
2026-02-21 23:05:20.742 +01:00 [INF] Registering new hotkey 'Ctrl+Alt+Shift+A' mods=7 vk=65
2026-02-21 23:05:20.742 +01:00 [INF] TryReregisterOverlayHotkey('Ctrl+Alt+Shift+A'): ok=false err=1408
2026-02-21 23:05:20.742 +01:00 [INF] Restored old hotkey 'Ctrl+Alt+Shift+K': ok=false err=1408
2026-02-21 23:10:35.409 +01:00 [INF] Encoder thread starting (Media Foundation H.264).
2026-02-21 23:10:35.409 +01:00 [INF] OverlayUI starting.
2026-02-21 23:10:35.409 +01:00 [INF] OcrWorker thread starting (stub).
2026-02-21 23:10:35.409 +01:00 [INF] FrameProcessor thread starting.
2026-02-21 23:10:35.409 +01:00 [INF] Capture thread starting (DXGI Desktop Duplication).
2026-02-21 23:10:35.409 +01:00 [INF] StorageManager thread starting.
2026-02-21 23:10:35.409 +01:00 [INF] OverlayService.StartAsync beginning...
2026-02-21 23:10:35.433 +01:00 [INF] OverlayService.StartAsync completed.
2026-02-21 23:10:35.438 +01:00 [INF] Capture mode: "Context"
2026-02-21 23:10:35.438 +01:00 [INF] FrameProcessor capture mode: "Context"
2026-02-21 23:10:35.444 +01:00 [INF] Initializing tray icon.
2026-02-21 23:10:35.446 +01:00 [INF] Initializing DXGI Desktop Duplication…
2026-02-21 23:10:35.465 +01:00 [INF] Using adapter: AMD Radeon RX 6600, output: \\.\DISPLAY1
2026-02-21 23:10:35.495 +01:00 [INF] Selected H.264 encoder: H264 Encoder MFT
2026-02-21 23:10:35.514 +01:00 [INF] Desktop format: "B8G8R8A8_UNorm", HDR: false
2026-02-21 23:10:35.515 +01:00 [INF] Desktop Duplication initialized – 2560×1440.
2026-02-21 23:10:35.528 +01:00 [INF] Application started. Press Ctrl+C to shut down.
2026-02-21 23:10:35.529 +01:00 [INF] Hosting environment: Production
2026-02-21 23:10:35.529 +01:00 [INF] Content root path: C:\Users\kryst\Cursor\C#\DualModeReplayBuffer
2026-02-21 23:10:35.545 +01:00 [INF] UI thread: creating OverlayWindow...
2026-02-21 23:10:35.651 +01:00 [INF] OverlayWindow created.
2026-02-21 23:10:35.652 +01:00 [INF] Trying overlay hotkey: Ctrl+Alt+Shift+K, parsed: [7,75]
2026-02-21 23:10:35.653 +01:00 [INF] Trying capture hotkey: Ctrl+Alt+Shift+L, parsed: [7,76]
2026-02-21 23:10:35.655 +01:00 [INF] Message window HWND: "9506380", err=6
2026-02-21 23:10:35.655 +01:00 [INF] RegisterOverlayHotKey: ok=true err=0
2026-02-21 23:10:35.655 +01:00 [INF] RegisterCaptureHotKey: ok=true err=0
2026-02-21 23:10:36.540 +01:00 [DBG] Context: first frame accepted (pHash=0001001F009FFFFF001F001F001F0001001F001F001F001F001F001F001F001F).
2026-02-21 23:10:36.687 +01:00 [DBG] Context: saved snapshot C:\Users\kryst\Cursor\C#\DualModeReplayBuffer\src\DRB.App\bin\Release\net9.0-windows\data\context_buffer\20260221_221036_540.jpg.
2026-02-21 23:10:36.697 +01:00 [DBG] Context frame indexed: C:\Users\kryst\Cursor\C#\DualModeReplayBuffer\src\DRB.App\bin\Release\net9.0-windows\data\context_buffer\20260221_221036_540.jpg
2026-02-21 23:10:43.716 +01:00 [INF] WM_HOTKEY received! id=49154
2026-02-21 23:10:43.717 +01:00 [INF] Clip capture requested.
2026-02-21 23:10:43.717 +01:00 [INF] Save clip request enqueued from overlay.
2026-02-21 23:10:45.488 +01:00 [INF] Trying overlay hotkey: Ctrl+Alt+Shift+K, parsed: [7,75]
2026-02-21 23:10:45.488 +01:00 [INF] Trying capture hotkey: Ctrl+Alt+Shift+L, parsed: [7,76]
2026-02-21 23:10:45.489 +01:00 [INF] Message window HWND: "11472098", err=6
2026-02-21 23:10:45.489 +01:00 [INF] RegisterOverlayHotKey: ok=false err=1409
2026-02-21 23:10:45.489 +01:00 [INF] RegisterCaptureHotKey: ok=false err=1409
2026-02-21 23:10:52.875 +01:00 [INF] WM_HOTKEY received! id=49153
2026-02-21 23:11:03.397 +01:00 [INF] Posting WM_APP_REREGISTER for 'Ctrl+Alt+Shift+O'
2026-02-21 23:11:03.398 +01:00 [INF] Re-register 'Ctrl+Alt+Shift+O': ok=true err=0
2026-02-21 23:11:03.402 +01:00 [INF] Trying overlay hotkey: Ctrl+Alt+Shift+O, parsed: [7,79]
2026-02-21 23:11:03.402 +01:00 [INF] Trying capture hotkey: Ctrl+Alt+Shift+P, parsed: [7,80]
2026-02-21 23:11:03.404 +01:00 [INF] Message window HWND: "13174842", err=6
2026-02-21 23:11:03.404 +01:00 [INF] RegisterOverlayHotKey: ok=false err=1409
2026-02-21 23:11:03.404 +01:00 [INF] RegisterCaptureHotKey: ok=true err=0
2026-02-21 23:11:16.450 +01:00 [DBG] Context: frame changed (distance=25).
2026-02-21 23:11:16.549 +01:00 [DBG] Context: saved snapshot C:\Users\kryst\Cursor\C#\DualModeReplayBuffer\src\DRB.App\bin\Release\net9.0-windows\data\context_buffer\20260221_221116_450.jpg.
2026-02-21 23:11:16.551 +01:00 [DBG] Context frame indexed: C:\Users\kryst\Cursor\C#\DualModeReplayBuffer\src\DRB.App\bin\Release\net9.0-windows\data\context_buffer\20260221_221116_450.jpg
2026-02-21 23:11:17.468 +01:00 [DBG] Context: frame changed (distance=92).
2026-02-21 23:11:17.531 +01:00 [DBG] Context: saved snapshot C:\Users\kryst\Cursor\C#\DualModeReplayBuffer\src\DRB.App\bin\Release\net9.0-windows\data\context_buffer\20260221_221117_468.jpg.
2026-02-21 23:11:17.538 +01:00 [DBG] Context frame indexed: C:\Users\kryst\Cursor\C#\DualModeReplayBuffer\src\DRB.App\bin\Release\net9.0-windows\data\context_buffer\20260221_221117_468.jpg
2026-02-21 23:11:18.492 +01:00 [DBG] Context: frame changed (distance=175).
2026-02-21 23:11:18.508 +01:00 [DBG] Context: saved snapshot C:\Users\kryst\Cursor\C#\DualModeReplayBuffer\src\DRB.App\bin\Release\net9.0-windows\data\context_buffer\20260221_221118_492.jpg.
2026-02-21 23:11:18.509 +01:00 [DBG] Context frame indexed: C:\Users\kryst\Cursor\C#\DualModeReplayBuffer\src\DRB.App\bin\Release\net9.0-windows\data\context_buffer\20260221_221118_492.jpg
2026-02-21 23:11:25.711 +01:00 [WRN] Cannot re-register hotkey: failed to parse 'Alt+Oem3'
2026-02-21 23:11:29.613 +01:00 [WRN] Cannot re-register hotkey: failed to parse 'Alt+Oem3'
2026-02-21 23:11:34.837 +01:00 [WRN] Cannot re-register hotkey: failed to parse 'Alt+Shift+Oem3'
2026-02-21 23:11:39.622 +01:00 [WRN] Cannot re-register hotkey: failed to parse 'Ctrl+Alt+Oem3'
2026-02-21 23:11:42.402 +01:00 [INF] Posting WM_APP_REREGISTER for 'Ctrl+C'
2026-02-21 23:11:42.402 +01:00 [INF] Re-register 'Ctrl+C': ok=true err=0
2026-02-21 23:11:42.407 +01:00 [INF] Trying overlay hotkey: Ctrl+C, parsed: [2,67]
2026-02-21 23:11:42.407 +01:00 [INF] Trying capture hotkey: Ctrl+Alt+Shift+P, parsed: [7,80]
2026-02-21 23:11:42.409 +01:00 [INF] Message window HWND: "15994150", err=6
2026-02-21 23:11:42.409 +01:00 [INF] RegisterOverlayHotKey: ok=false err=1409
2026-02-21 23:11:42.409 +01:00 [INF] RegisterCaptureHotKey: ok=false err=1409
2026-02-21 23:11:43.691 +01:00 [DBG] Context: frame changed (distance=9).
2026-02-21 23:11:43.714 +01:00 [DBG] Context: saved snapshot C:\Users\kryst\Cursor\C#\DualModeReplayBuffer\src\DRB.App\bin\Release\net9.0-windows\data\context_buffer\20260221_221143_691.jpg.
2026-02-21 23:11:43.715 +01:00 [DBG] Context frame indexed: C:\Users\kryst\Cursor\C#\DualModeReplayBuffer\src\DRB.App\bin\Release\net9.0-windows\data\context_buffer\20260221_221143_691.jpg
2026-02-21 23:11:44.535 +01:00 [INF] WM_HOTKEY received! id=49153
2026-02-21 23:11:48.682 +01:00 [WRN] Cannot re-register hotkey: failed to parse 'Alt+Oem3'
2026-02-21 23:11:51.366 +01:00 [DBG] Context: frame changed (distance=9).
2026-02-21 23:11:51.388 +01:00 [DBG] Context: saved snapshot C:\Users\kryst\Cursor\C#\DualModeReplayBuffer\src\DRB.App\bin\Release\net9.0-windows\data\context_buffer\20260221_221151_366.jpg.
2026-02-21 23:11:51.390 +01:00 [DBG] Context frame indexed: C:\Users\kryst\Cursor\C#\DualModeReplayBuffer\src\DRB.App\bin\Release\net9.0-windows\data\context_buffer\20260221_221151_366.jpg
2026-02-21 23:11:53.405 +01:00 [DBG] Context: frame changed (distance=137).
2026-02-21 23:11:53.426 +01:00 [DBG] Context: saved snapshot C:\Users\kryst\Cursor\C#\DualModeReplayBuffer\src\DRB.App\bin\Release\net9.0-windows\data\context_buffer\20260221_221153_405.jpg.
2026-02-21 23:11:53.427 +01:00 [DBG] Context frame indexed: C:\Users\kryst\Cursor\C#\DualModeReplayBuffer\src\DRB.App\bin\Release\net9.0-windows\data\context_buffer\20260221_221153_405.jpg
2026-02-21 23:11:54.423 +01:00 [DBG] Context: frame changed (distance=11).
2026-02-21 23:11:54.443 +01:00 [DBG] Context: saved snapshot C:\Users\kryst\Cursor\C#\DualModeReplayBuffer\src\DRB.App\bin\Release\net9.0-windows\data\context_buffer\20260221_221154_423.jpg.
2026-02-21 23:11:54.445 +01:00 [DBG] Context frame indexed: C:\Users\kryst\Cursor\C#\DualModeReplayBuffer\src\DRB.App\bin\Release\net9.0-windows\data\context_buffer\20260221_221154_423.jpg
2026-02-21 23:11:55.440 +01:00 [DBG] Context: frame changed (distance=44).
2026-02-21 23:11:55.459 +01:00 [DBG] Context: saved snapshot C:\Users\kryst\Cursor\C#\DualModeReplayBuffer\src\DRB.App\bin\Release\net9.0-windows\data\context_buffer\20260221_221155_441.jpg.
2026-02-21 23:11:55.461 +01:00 [DBG] Context frame indexed: C:\Users\kryst\Cursor\C#\DualModeReplayBuffer\src\DRB.App\bin\Release\net9.0-windows\data\context_buffer\20260221_221155_441.jpg
2026-02-21 23:11:56.465 +01:00 [DBG] Context: frame changed (distance=16).
2026-02-21 23:11:56.484 +01:00 [DBG] Context: saved snapshot C:\Users\kryst\Cursor\C#\DualModeReplayBuffer\src\DRB.App\bin\Release\net9.0-windows\data\context_buffer\20260221_221156_465.jpg.
2026-02-21 23:11:56.486 +01:00 [DBG] Context frame indexed: C:\Users\kryst\Cursor\C#\DualModeReplayBuffer\src\DRB.App\bin\Release\net9.0-windows\data\context_buffer\20260221_221156_465.jpg
2026-02-21 23:11:57.481 +01:00 [DBG] Context: frame changed (distance=17).
2026-02-21 23:11:57.504 +01:00 [DBG] Context: saved snapshot C:\Users\kryst\Cursor\C#\DualModeReplayBuffer\src\DRB.App\bin\Release\net9.0-windows\data\context_buffer\20260221_221157_481.jpg.
2026-02-21 23:11:57.505 +01:00 [DBG] Context frame indexed: C:\Users\kryst\Cursor\C#\DualModeReplayBuffer\src\DRB.App\bin\Release\net9.0-windows\data\context_buffer\20260221_221157_481.jpg
2026-02-21 23:11:58.502 +01:00 [DBG] Context: frame changed (distance=18).
2026-02-21 23:11:58.519 +01:00 [DBG] Context: saved snapshot C:\Users\kryst\Cursor\C#\DualModeReplayBuffer\src\DRB.App\bin\Release\net9.0-windows\data\context_buffer\20260221_221158_502.jpg.
2026-02-21 23:11:58.520 +01:00 [DBG] Context frame indexed: C:\Users\kryst\Cursor\C#\DualModeReplayBuffer\src\DRB.App\bin\Release\net9.0-windows\data\context_buffer\20260221_221158_502.jpg
2026-02-21 23:11:59.524 +01:00 [DBG] Context: frame changed (distance=8).
2026-02-21 23:11:59.542 +01:00 [DBG] Context: saved snapshot C:\Users\kryst\Cursor\C#\DualModeReplayBuffer\src\DRB.App\bin\Release\net9.0-windows\data\context_buffer\20260221_221159_524.jpg.
2026-02-21 23:11:59.544 +01:00 [DBG] Context frame indexed: C:\Users\kryst\Cursor\C#\DualModeReplayBuffer\src\DRB.App\bin\Release\net9.0-windows\data\context_buffer\20260221_221159_524.jpg
2026-02-21 23:12:00.545 +01:00 [DBG] Context: frame changed (distance=12).
2026-02-21 23:12:00.561 +01:00 [DBG] Context: saved snapshot C:\Users\kryst\Cursor\C#\DualModeReplayBuffer\src\DRB.App\bin\Release\net9.0-windows\data\context_buffer\20260221_221200_545.jpg.
2026-02-21 23:12:00.564 +01:00 [DBG] Context frame indexed: C:\Users\kryst\Cursor\C#\DualModeReplayBuffer\src\DRB.App\bin\Release\net9.0-windows\data\context_buffer\20260221_221200_545.jpg
2026-02-21 23:12:01.560 +01:00 [DBG] Context: frame changed (distance=8).
2026-02-21 23:12:01.575 +01:00 [DBG] Context: saved snapshot C:\Users\kryst\Cursor\C#\DualModeReplayBuffer\src\DRB.App\bin\Release\net9.0-windows\data\context_buffer\20260221_221201_560.jpg.
2026-02-21 23:12:01.577 +01:00 [DBG] Context frame indexed: C:\Users\kryst\Cursor\C#\DualModeReplayBuffer\src\DRB.App\bin\Release\net9.0-windows\data\context_buffer\20260221_221201_560.jpg
2026-02-21 23:12:02.579 +01:00 [DBG] Context: frame changed (distance=15).
2026-02-21 23:12:02.596 +01:00 [DBG] Context: saved snapshot C:\Users\kryst\Cursor\C#\DualModeReplayBuffer\src\DRB.App\bin\Release\net9.0-windows\data\context_buffer\20260221_221202_579.jpg.
2026-02-21 23:12:02.598 +01:00 [DBG] Context frame indexed: C:\Users\kryst\Cursor\C#\DualModeReplayBuffer\src\DRB.App\bin\Release\net9.0-windows\data\context_buffer\20260221_221202_579.jpg
2026-02-21 23:12:03.603 +01:00 [DBG] Context: frame changed (distance=103).
2026-02-21 23:12:03.617 +01:00 [DBG] Context: saved snapshot C:\Users\kryst\Cursor\C#\DualModeReplayBuffer\src\DRB.App\bin\Release\net9.0-windows\data\context_buffer\20260221_221203_603.jpg.
2026-02-21 23:12:03.619 +01:00 [DBG] Context frame indexed: C:\Users\kryst\Cursor\C#\DualModeReplayBuffer\src\DRB.App\bin\Release\net9.0-windows\data\context_buffer\20260221_221203_603.jpg
2026-02-21 23:12:04.625 +01:00 [DBG] Context: frame changed (distance=11).
2026-02-21 23:12:04.644 +01:00 [DBG] Context: saved snapshot C:\Users\kryst\Cursor\C#\DualModeReplayBuffer\src\DRB.App\bin\Release\net9.0-windows\data\context_buffer\20260221_221204_625.jpg.
2026-02-21 23:12:04.645 +01:00 [DBG] Context frame indexed: C:\Users\kryst\Cursor\C#\DualModeReplayBuffer\src\DRB.App\bin\Release\net9.0-windows\data\context_buffer\20260221_221204_625.jpg
2026-02-21 23:12:05.646 +01:00 [DBG] Context: frame changed (distance=13).
2026-02-21 23:12:05.661 +01:00 [DBG] Context: saved snapshot C:\Users\kryst\Cursor\C#\DualModeReplayBuffer\src\DRB.App\bin\Release\net9.0-windows\data\context_buffer\20260221_221205_646.jpg.
2026-02-21 23:12:05.663 +01:00 [DBG] Context frame indexed: C:\Users\kryst\Cursor\C#\DualModeReplayBuffer\src\DRB.App\bin\Release\net9.0-windows\data\context_buffer\20260221_221205_646.jpg
2026-02-21 23:12:14.012 +01:00 [DBG] Context: frame changed (distance=9).
2026-02-21 23:12:14.027 +01:00 [DBG] Context: saved snapshot C:\Users\kryst\Cursor\C#\DualModeReplayBuffer\src\DRB.App\bin\Release\net9.0-windows\data\context_buffer\20260221_221214_012.jpg.
2026-02-21 23:12:14.028 +01:00 [DBG] Context frame indexed: C:\Users\kryst\Cursor\C#\DualModeReplayBuffer\src\DRB.App\bin\Release\net9.0-windows\data\context_buffer\20260221_221214_012.jpg
2026-02-21 23:12:16.056 +01:00 [DBG] Context: frame changed (distance=20).
2026-02-21 23:12:16.071 +01:00 [DBG] Context: saved snapshot C:\Users\kryst\Cursor\C#\DualModeReplayBuffer\src\DRB.App\bin\Release\net9.0-windows\data\context_buffer\20260221_221216_056.jpg.
2026-02-21 23:12:16.073 +01:00 [DBG] Context frame indexed: C:\Users\kryst\Cursor\C#\DualModeReplayBuffer\src\DRB.App\bin\Release\net9.0-windows\data\context_buffer\20260221_221216_056.jpg
2026-02-21 23:12:17.078 +01:00 [DBG] Context: frame changed (distance=9).
2026-02-21 23:12:17.093 +01:00 [DBG] Context: saved snapshot C:\Users\kryst\Cursor\C#\DualModeReplayBuffer\src\DRB.App\bin\Release\net9.0-windows\data\context_buffer\20260221_221217_078.jpg.
2026-02-21 23:12:17.094 +01:00 [DBG] Context frame indexed: C:\Users\kryst\Cursor\C#\DualModeReplayBuffer\src\DRB.App\bin\Release\net9.0-windows\data\context_buffer\20260221_221217_078.jpg
2026-02-21 23:12:18.102 +01:00 [DBG] Context: frame changed (distance=13).
2026-02-21 23:12:18.119 +01:00 [DBG] Context: saved snapshot C:\Users\kryst\Cursor\C#\DualModeReplayBuffer\src\DRB.App\bin\Release\net9.0-windows\data\context_buffer\20260221_221218_103.jpg.
2026-02-21 23:12:18.121 +01:00 [DBG] Context frame indexed: C:\Users\kryst\Cursor\C#\DualModeReplayBuffer\src\DRB.App\bin\Release\net9.0-windows\data\context_buffer\20260221_221218_103.jpg
2026-02-21 23:12:19.124 +01:00 [DBG] Context: frame changed (distance=7).
2026-02-21 23:12:19.142 +01:00 [DBG] Context: saved snapshot C:\Users\kryst\Cursor\C#\DualModeReplayBuffer\src\DRB.App\bin\Release\net9.0-windows\data\context_buffer\20260221_221219_124.jpg.
2026-02-21 23:12:19.143 +01:00 [DBG] Context frame indexed: C:\Users\kryst\Cursor\C#\DualModeReplayBuffer\src\DRB.App\bin\Release\net9.0-windows\data\context_buffer\20260221_221219_124.jpg
2026-02-21 23:12:21.172 +01:00 [DBG] Context: frame changed (distance=20).
2026-02-21 23:12:21.188 +01:00 [DBG] Context: saved snapshot C:\Users\kryst\Cursor\C#\DualModeReplayBuffer\src\DRB.App\bin\Release\net9.0-windows\data\context_buffer\20260221_221221_172.jpg.
2026-02-21 23:12:21.191 +01:00 [DBG] Context frame indexed: C:\Users\kryst\Cursor\C#\DualModeReplayBuffer\src\DRB.App\bin\Release\net9.0-windows\data\context_buffer\20260221_221221_172.jpg
2026-02-21 23:12:25.247 +01:00 [DBG] Context: frame changed (distance=7).
2026-02-21 23:12:25.264 +01:00 [DBG] Context: saved snapshot C:\Users\kryst\Cursor\C#\DualModeReplayBuffer\src\DRB.App\bin\Release\net9.0-windows\data\context_buffer\20260221_221225_247.jpg.
2026-02-21 23:12:25.266 +01:00 [DBG] Context frame indexed: C:\Users\kryst\Cursor\C#\DualModeReplayBuffer\src\DRB.App\bin\Release\net9.0-windows\data\context_buffer\20260221_221225_247.jpg
2026-02-21 23:12:37.886 +01:00 [DBG] Context: frame changed (distance=76).
2026-02-21 23:12:37.909 +01:00 [DBG] Context: saved snapshot C:\Users\kryst\Cursor\C#\DualModeReplayBuffer\src\DRB.App\bin\Release\net9.0-windows\data\context_buffer\20260221_221237_886.jpg.
2026-02-21 23:12:37.911 +01:00 [DBG] Context frame indexed: C:\Users\kryst\Cursor\C#\DualModeReplayBuffer\src\DRB.App\bin\Release\net9.0-windows\data\context_buffer\20260221_221237_886.jpg
